[INFO] Scanning for projects...
[INFO] 
[INFO] --------------------< com.jpetstore:jpetstore-api >---------------------
[INFO] Building JPetStore API 1.0.0-SNAPSHOT
[INFO]   from pom.xml
[INFO] --------------------------------[ jar ]---------------------------------
[INFO] 
[INFO] >>> spring-boot:3.1.5:run (default-cli) > test-compile @ jpetstore-api >>>
[INFO] 
[INFO] --- resources:3.3.1:resources (default-resources) @ jpetstore-api ---
[INFO] Copying 1 resource from src/main/resources to target/classes
[INFO] Copying 2 resources from src/main/resources to target/classes
[INFO] 
[INFO] --- compiler:3.11.0:compile (default-compile) @ jpetstore-api ---
[INFO] Changes detected - recompiling the module! :source
[INFO] Compiling 45 source files with javac [debug release 21] to target/classes
[INFO] -------------------------------------------------------------
[ERROR] COMPILATION ERROR : 
[INFO] -------------------------------------------------------------
[ERROR] /Users/venkat/Desktop/jpetstore-6/jpetstore-api/src/main/java/com/jpetstore/api/service/AuthService.java:[136,20] cannot find symbol
  symbol:   method setUserId(java.lang.String)
  location: variable account of type com.jpetstore.api.entity.Account
[ERROR] /Users/venkat/Desktop/jpetstore-6/jpetstore-api/src/main/java/com/jpetstore/api/service/AuthService.java:[164,32] cannot find symbol
  symbol:   method getUserId()
  location: variable account of type com.jpetstore.api.entity.Account
[INFO] 2 errors 
[INFO] -------------------------------------------------------------
[INFO] ------------------------------------------------------------------------
[INFO] BUILD FAILURE
[INFO] ------------------------------------------------------------------------
[INFO] Total time:  3.349 s
[INFO] Finished at: 2025-09-16T16:14:13+02:00
[INFO] ------------------------------------------------------------------------
[ERROR] Failed to execute goal org.apache.maven.plugins:maven-compiler-plugin:3.11.0:compile (default-compile) on project jpetstore-api: Compilation failure: Compilation failure: 
[ERROR] /Users/venkat/Desktop/jpetstore-6/jpetstore-api/src/main/java/com/jpetstore/api/service/AuthService.java:[136,20] cannot find symbol
[ERROR]   symbol:   method setUserId(java.lang.String)
[ERROR]   location: variable account of type com.jpetstore.api.entity.Account
[ERROR] /Users/venkat/Desktop/jpetstore-6/jpetstore-api/src/main/java/com/jpetstore/api/service/AuthService.java:[164,32] cannot find symbol
[ERROR]   symbol:   method getUserId()
[ERROR]   location: variable account of type com.jpetstore.api.entity.Account
[ERROR] -> [Help 1]
[ERROR] 
[ERROR] To see the full stack trace of the errors, re-run Maven with the -e switch.
[ERROR] Re-run Maven using the -X switch to enable full debug logging.
[ERROR] 
[ERROR] For more information about the errors and possible solutions, please read the following articles:
[ERROR] [Help 1] http://cwiki.apache.org/confluence/display/MAVEN/MojoFailureException
